[2023-03-01 09:43:09,791] multiqc                                            [DEBUG  ]  This is MultiQC v1.12
[2023-03-01 09:43:09,792] multiqc                                            [DEBUG  ]  No MultiQC config found: /home/adimascf/miniconda3/envs/quality_control/lib/python3.10/site-packages/multiqc_config.yaml
[2023-03-01 09:43:09,792] multiqc                                            [DEBUG  ]  No MultiQC config found: /home/adimascf/.multiqc_config.yaml
[2023-03-01 09:43:09,792] multiqc                                            [DEBUG  ]  No MultiQC config found: multiqc_config.yaml
[2023-03-01 09:43:09,792] multiqc                                            [DEBUG  ]  Command used: /home/adimascf/miniconda3/envs/quality_control/bin/multiqc --outdir reports/ --title mammals-12 data/processed_data//
[2023-03-01 09:43:11,217] multiqc                                            [WARNING]  MultiQC Version v1.14 now available!
[2023-03-01 09:43:11,217] multiqc                                            [DEBUG  ]  Command     : /home/adimascf/miniconda3/envs/quality_control/bin/multiqc --outdir reports/ --title mammals-12 data/processed_data//
[2023-03-01 09:43:11,217] multiqc                                            [DEBUG  ]  Working dir : /home/adimascf/pandu/mammals-12s
[2023-03-01 09:43:11,217] multiqc                                            [DEBUG  ]  Template    : default
[2023-03-01 09:43:11,217] multiqc                                            [DEBUG  ]  Running Python 3.10.6 | packaged by conda-forge | (main, Aug 22 2022, 20:36:39) [GCC 10.4.0]
[2023-03-01 09:43:11,217] multiqc                                            [INFO   ]  Report title: mammals-12
[2023-03-01 09:43:11,218] multiqc                                            [DEBUG  ]  Analysing modules: custom_content, ccs, ngsderive, purple, conpair, lima, peddy, somalier, methylQA, mosdepth, phantompeakqualtools, qualimap, preseq, quast, qorts, rna_seqc, rockhopper, rsem, rseqc, busco, bustools, goleft_indexcov, gffcompare, disambiguate, supernova, deeptools, sargasso, verifybamid, mirtrace, happy, mirtop, sambamba, homer, hops, macs2, theta2, snpeff, gatk, htseq, bcftools, featureCounts, fgbio, dragen, dedup, pbmarkdup, damageprofiler, biobambam2, jcvi, mtnucratio, picard, vep, sentieon, prokka, qc3C, nanostat, samblaster, samtools, sexdeterrmine, eigenstratdatabasetools, bamtools, jellyfish, vcftools, longranger, stacks, varscan2, snippy, bbmap, bismark, biscuit, hicexplorer, hicup, hicpro, salmon, kallisto, slamdunk, star, hisat2, tophat, bowtie2, bowtie1, snpsplit, odgi, pangolin, kat, leehom, adapterRemoval, clipandmerge, cutadapt, flexbar, kaiju, kraken, malt, trimmomatic, sickle, skewer, sortmerna, biobloomtools, fastq_screen, afterqc, fastp, fastqc, pychopper, pycoqc, minionqc, multivcfanalyzer, clusterflow, checkqc, bcl2fastq, bclconvert, interop, ivar, flash, seqyclean, optitype, whatshap
[2023-03-01 09:43:11,219] multiqc                                            [DEBUG  ]  Using temporary directory for creating report: /tmp/tmpdd_pemet
[2023-03-01 09:43:11,422] multiqc                                            [INFO   ]  Search path : /home/adimascf/pandu/mammals-12s/data/processed_data
[2023-03-01 09:43:11,461] multiqc                                            [DEBUG  ]  Ignoring file as matched an ignore pattern: sample93_S93_L001_R1_001.fastq.gz
[2023-03-01 09:43:11,461] multiqc                                            [DEBUG  ]  Ignoring file as matched an ignore pattern: sample02_S2_L001_R1_001.fastq.gz
[2023-03-01 09:43:11,461] multiqc                                            [DEBUG  ]  Ignoring file as matched an ignore pattern: sample92_S92_L001_R1_001.fastq.gz
[2023-03-01 09:43:11,461] multiqc                                            [DEBUG  ]  Ignoring file as matched an ignore pattern: sample03_S3_L001_R1_001.fastq.gz
[2023-03-01 09:43:11,461] multiqc                                            [DEBUG  ]  Ignoring file as matched an ignore pattern: sample01_S1_L001_R1_001.fastq.gz
[2023-03-01 09:43:11,462] multiqc                                            [DEBUG  ]  Ignoring file as matched an ignore pattern: sample91_S91_L001_R1_001.fastq.gz
[2023-03-01 09:43:11,475] multiqc                                            [DEBUG  ]  File ignored by ccs/v4 because it exceeded search pattern filesize limit: 12s_krona.qzv
[2023-03-01 09:43:11,476] multiqc                                            [DEBUG  ]  File ignored by hicexplorer because it exceeded search pattern filesize limit: 12s_krona.qzv
[2023-03-01 09:43:11,476] multiqc                                            [DEBUG  ]  File ignored by lima/summary because it exceeded search pattern filesize limit: 12s_krona.qzv
[2023-03-01 09:43:11,478] multiqc                                            [DEBUG  ]  File ignored by vep/vep_txt because it exceeded search pattern filesize limit: 12s_krona.qzv
[2023-03-01 09:43:11,478] multiqc                                            [DEBUG  ]  File ignored by longranger/invocation because it exceeded search pattern filesize limit: 12s_krona.qzv
[2023-03-01 09:43:11,478] multiqc                                            [DEBUG  ]  File ignored by rockhopper because it exceeded search pattern filesize limit: 12s_krona.qzv
[2023-03-01 09:43:11,478] multiqc                                            [DEBUG  ]  File ignored by rseqc/bam_stat because it exceeded search pattern filesize limit: 12s_krona.qzv
[2023-03-01 09:43:11,478] multiqc                                            [DEBUG  ]  File ignored by rseqc/junction_annotation because it exceeded search pattern filesize limit: 12s_krona.qzv
[2023-03-01 09:43:11,478] multiqc                                            [DEBUG  ]  File ignored by rseqc/read_distribution because it exceeded search pattern filesize limit: 12s_krona.qzv
[2023-03-01 09:43:11,479] multiqc                                            [DEBUG  ]  File ignored by rseqc/infer_experiment because it exceeded search pattern filesize limit: 12s_krona.qzv
[2023-03-01 09:43:11,481] multiqc                                            [DEBUG  ]  File ignored by nanostat because it exceeded search pattern filesize limit: 12s_krona.qzv
[2023-03-01 09:43:11,485] multiqc                                            [DEBUG  ]  File ignored by ccs/v4 because it exceeded search pattern filesize limit: single-end-12s-sefsqr.qzv
[2023-03-01 09:43:11,485] multiqc                                            [DEBUG  ]  File ignored by hicexplorer because it exceeded search pattern filesize limit: single-end-12s-sefsqr.qzv
[2023-03-01 09:43:11,485] multiqc                                            [DEBUG  ]  File ignored by lima/summary because it exceeded search pattern filesize limit: single-end-12s-sefsqr.qzv
[2023-03-01 09:43:11,486] multiqc                                            [DEBUG  ]  File ignored by vep/vep_txt because it exceeded search pattern filesize limit: single-end-12s-sefsqr.qzv
[2023-03-01 09:43:11,486] multiqc                                            [DEBUG  ]  File ignored by longranger/invocation because it exceeded search pattern filesize limit: single-end-12s-sefsqr.qzv
[2023-03-01 09:43:11,488] multiqc                                            [DEBUG  ]  File ignored by nanostat because it exceeded search pattern filesize limit: single-end-12s-sefsqr.qzv
[2023-03-01 09:43:11,490] multiqc                                            [DEBUG  ]  File ignored by ccs/v4 because it exceeded search pattern filesize limit: table.qzv
[2023-03-01 09:43:11,490] multiqc                                            [DEBUG  ]  File ignored by hicexplorer because it exceeded search pattern filesize limit: table.qzv
[2023-03-01 09:43:11,490] multiqc                                            [DEBUG  ]  File ignored by lima/summary because it exceeded search pattern filesize limit: table.qzv
[2023-03-01 09:43:11,491] multiqc                                            [DEBUG  ]  File ignored by vep/vep_txt because it exceeded search pattern filesize limit: table.qzv
[2023-03-01 09:43:11,491] multiqc                                            [DEBUG  ]  File ignored by longranger/invocation because it exceeded search pattern filesize limit: table.qzv
[2023-03-01 09:43:11,492] multiqc                                            [DEBUG  ]  File ignored by nanostat because it exceeded search pattern filesize limit: table.qzv
[2023-03-01 09:43:11,494] multiqc                                            [DEBUG  ]  File ignored by ccs/v4 because it exceeded search pattern filesize limit: representative-sequences.qzv
[2023-03-01 09:43:11,495] multiqc                                            [DEBUG  ]  File ignored by hicexplorer because it exceeded search pattern filesize limit: representative-sequences.qzv
[2023-03-01 09:43:11,495] multiqc                                            [DEBUG  ]  File ignored by lima/summary because it exceeded search pattern filesize limit: representative-sequences.qzv
[2023-03-01 09:43:11,496] multiqc                                            [DEBUG  ]  File ignored by vep/vep_txt because it exceeded search pattern filesize limit: representative-sequences.qzv
[2023-03-01 09:43:11,496] multiqc                                            [DEBUG  ]  File ignored by longranger/invocation because it exceeded search pattern filesize limit: representative-sequences.qzv
[2023-03-01 09:43:11,497] multiqc                                            [DEBUG  ]  File ignored by nanostat because it exceeded search pattern filesize limit: representative-sequences.qzv
[2023-03-01 09:43:11,499] multiqc                                            [DEBUG  ]  File ignored by ccs/v4 because it exceeded search pattern filesize limit: denoising-stats.qzv
[2023-03-01 09:43:11,499] multiqc                                            [DEBUG  ]  File ignored by hicexplorer because it exceeded search pattern filesize limit: denoising-stats.qzv
[2023-03-01 09:43:11,499] multiqc                                            [DEBUG  ]  File ignored by lima/summary because it exceeded search pattern filesize limit: denoising-stats.qzv
[2023-03-01 09:43:11,500] multiqc                                            [DEBUG  ]  File ignored by vep/vep_html because it exceeded search pattern filesize limit: denoising-stats.qzv
[2023-03-01 09:43:11,500] multiqc                                            [DEBUG  ]  File ignored by vep/vep_txt because it exceeded search pattern filesize limit: denoising-stats.qzv
[2023-03-01 09:43:11,500] multiqc                                            [DEBUG  ]  File ignored by longranger/invocation because it exceeded search pattern filesize limit: denoising-stats.qzv
[2023-03-01 09:43:11,500] multiqc                                            [DEBUG  ]  File ignored by rockhopper because it exceeded search pattern filesize limit: denoising-stats.qzv
[2023-03-01 09:43:11,500] multiqc                                            [DEBUG  ]  File ignored by rseqc/bam_stat because it exceeded search pattern filesize limit: denoising-stats.qzv
[2023-03-01 09:43:11,500] multiqc                                            [DEBUG  ]  File ignored by rseqc/junction_annotation because it exceeded search pattern filesize limit: denoising-stats.qzv
[2023-03-01 09:43:11,500] multiqc                                            [DEBUG  ]  File ignored by rseqc/read_distribution because it exceeded search pattern filesize limit: denoising-stats.qzv
[2023-03-01 09:43:11,500] multiqc                                            [DEBUG  ]  File ignored by rseqc/infer_experiment because it exceeded search pattern filesize limit: denoising-stats.qzv
[2023-03-01 09:43:11,500] multiqc                                            [DEBUG  ]  File ignored by stacks/sumstats because it exceeded search pattern filesize limit: denoising-stats.qzv
[2023-03-01 09:43:11,501] multiqc                                            [DEBUG  ]  File ignored by nanostat because it exceeded search pattern filesize limit: denoising-stats.qzv
[2023-03-01 09:43:11,503] multiqc                                            [DEBUG  ]  File ignored by ccs/v4 because it exceeded search pattern filesize limit: table.qza
[2023-03-01 09:43:11,503] multiqc                                            [DEBUG  ]  File ignored by hicexplorer because it exceeded search pattern filesize limit: table.qza
[2023-03-01 09:43:11,504] multiqc                                            [DEBUG  ]  File ignored by lima/summary because it exceeded search pattern filesize limit: table.qza
[2023-03-01 09:43:11,504] multiqc                                            [DEBUG  ]  File ignored by longranger/invocation because it exceeded search pattern filesize limit: table.qza
[2023-03-01 09:43:11,505] multiqc                                            [DEBUG  ]  File ignored by nanostat because it exceeded search pattern filesize limit: table.qza
[2023-03-01 09:43:11,508] multiqc                                            [DEBUG  ]  File ignored by ccs/v4 because it exceeded search pattern filesize limit: representative-sequences.qza
[2023-03-01 09:43:11,509] multiqc                                            [DEBUG  ]  File ignored by hicexplorer because it exceeded search pattern filesize limit: representative-sequences.qza
[2023-03-01 09:43:11,509] multiqc                                            [DEBUG  ]  File ignored by lima/summary because it exceeded search pattern filesize limit: representative-sequences.qza
[2023-03-01 09:43:11,510] multiqc                                            [DEBUG  ]  File ignored by longranger/invocation because it exceeded search pattern filesize limit: representative-sequences.qza
[2023-03-01 09:43:11,511] multiqc                                            [DEBUG  ]  File ignored by nanostat because it exceeded search pattern filesize limit: representative-sequences.qza
[2023-03-01 09:43:11,513] multiqc                                            [DEBUG  ]  File ignored by ccs/v4 because it exceeded search pattern filesize limit: denoising-stats.qza
[2023-03-01 09:43:11,513] multiqc                                            [DEBUG  ]  File ignored by hicexplorer because it exceeded search pattern filesize limit: denoising-stats.qza
[2023-03-01 09:43:11,514] multiqc                                            [DEBUG  ]  File ignored by lima/summary because it exceeded search pattern filesize limit: denoising-stats.qza
[2023-03-01 09:43:11,514] multiqc                                            [DEBUG  ]  File ignored by longranger/invocation because it exceeded search pattern filesize limit: denoising-stats.qza
[2023-03-01 09:43:11,516] multiqc                                            [DEBUG  ]  File ignored by nanostat because it exceeded search pattern filesize limit: denoising-stats.qza
[2023-03-01 09:43:11,517] multiqc                                            [DEBUG  ]  File ignored by ccs/v4 because it exceeded search pattern filesize limit: classification-no-consensus.qza
[2023-03-01 09:43:11,518] multiqc                                            [DEBUG  ]  File ignored by hicexplorer because it exceeded search pattern filesize limit: classification-no-consensus.qza
[2023-03-01 09:43:11,518] multiqc                                            [DEBUG  ]  File ignored by lima/summary because it exceeded search pattern filesize limit: classification-no-consensus.qza
[2023-03-01 09:43:11,519] multiqc                                            [DEBUG  ]  File ignored by longranger/invocation because it exceeded search pattern filesize limit: classification-no-consensus.qza
[2023-03-01 09:43:11,520] multiqc                                            [DEBUG  ]  File ignored by nanostat because it exceeded search pattern filesize limit: classification-no-consensus.qza
[2023-03-01 09:43:11,522] multiqc                                            [DEBUG  ]  File ignored by ccs/v4 because it exceeded search pattern filesize limit: classification.qza
[2023-03-01 09:43:11,522] multiqc                                            [DEBUG  ]  File ignored by hicexplorer because it exceeded search pattern filesize limit: classification.qza
[2023-03-01 09:43:11,523] multiqc                                            [DEBUG  ]  File ignored by lima/summary because it exceeded search pattern filesize limit: classification.qza
[2023-03-01 09:43:11,523] multiqc                                            [DEBUG  ]  File ignored by vep/vep_txt because it exceeded search pattern filesize limit: classification.qza
[2023-03-01 09:43:11,523] multiqc                                            [DEBUG  ]  File ignored by longranger/invocation because it exceeded search pattern filesize limit: classification.qza
[2023-03-01 09:43:11,525] multiqc                                            [DEBUG  ]  File ignored by nanostat because it exceeded search pattern filesize limit: classification.qza
[2023-03-01 09:43:11,527] multiqc                                            [DEBUG  ]  File ignored by ccs/v4 because it exceeded search pattern filesize limit: search_results.qzv
[2023-03-01 09:43:11,527] multiqc                                            [DEBUG  ]  File ignored by hicexplorer because it exceeded search pattern filesize limit: search_results.qzv
[2023-03-01 09:43:11,527] multiqc                                            [DEBUG  ]  File ignored by lima/summary because it exceeded search pattern filesize limit: search_results.qzv
[2023-03-01 09:43:11,528] multiqc                                            [DEBUG  ]  File ignored by vep/vep_html because it exceeded search pattern filesize limit: search_results.qzv
[2023-03-01 09:43:11,528] multiqc                                            [DEBUG  ]  File ignored by vep/vep_txt because it exceeded search pattern filesize limit: search_results.qzv
[2023-03-01 09:43:11,528] multiqc                                            [DEBUG  ]  File ignored by longranger/invocation because it exceeded search pattern filesize limit: search_results.qzv
[2023-03-01 09:43:11,528] multiqc                                            [DEBUG  ]  File ignored by rockhopper because it exceeded search pattern filesize limit: search_results.qzv
[2023-03-01 09:43:11,528] multiqc                                            [DEBUG  ]  File ignored by rseqc/bam_stat because it exceeded search pattern filesize limit: search_results.qzv
[2023-03-01 09:43:11,528] multiqc                                            [DEBUG  ]  File ignored by rseqc/junction_annotation because it exceeded search pattern filesize limit: search_results.qzv
[2023-03-01 09:43:11,528] multiqc                                            [DEBUG  ]  File ignored by rseqc/read_distribution because it exceeded search pattern filesize limit: search_results.qzv
[2023-03-01 09:43:11,528] multiqc                                            [DEBUG  ]  File ignored by rseqc/infer_experiment because it exceeded search pattern filesize limit: search_results.qzv
[2023-03-01 09:43:11,529] multiqc                                            [DEBUG  ]  File ignored by stacks/sumstats because it exceeded search pattern filesize limit: search_results.qzv
[2023-03-01 09:43:11,530] multiqc                                            [DEBUG  ]  File ignored by nanostat because it exceeded search pattern filesize limit: search_results.qzv
[2023-03-01 09:43:11,532] multiqc                                            [DEBUG  ]  File ignored by ccs/v4 because it exceeded search pattern filesize limit: classification-no-consensus.tsv
[2023-03-01 09:43:11,533] multiqc                                            [DEBUG  ]  File ignored by hicexplorer because it exceeded search pattern filesize limit: classification-no-consensus.tsv
[2023-03-01 09:43:11,533] multiqc                                            [DEBUG  ]  File ignored by lima/summary because it exceeded search pattern filesize limit: classification-no-consensus.tsv
[2023-03-01 09:43:11,533] multiqc                                            [DEBUG  ]  File ignored by longranger/invocation because it exceeded search pattern filesize limit: classification-no-consensus.tsv
[2023-03-01 09:43:11,540] multiqc                                            [DEBUG  ]  File ignored by nanostat because it exceeded search pattern filesize limit: classification-no-consensus.tsv
[2023-03-01 09:43:11,543] multiqc                                            [DEBUG  ]  File ignored by ccs/v4 because it exceeded search pattern filesize limit: classification.qzv
[2023-03-01 09:43:11,544] multiqc                                            [DEBUG  ]  File ignored by hicexplorer because it exceeded search pattern filesize limit: classification.qzv
[2023-03-01 09:43:11,544] multiqc                                            [DEBUG  ]  File ignored by lima/summary because it exceeded search pattern filesize limit: classification.qzv
[2023-03-01 09:43:11,545] multiqc                                            [DEBUG  ]  File ignored by vep/vep_html because it exceeded search pattern filesize limit: classification.qzv
[2023-03-01 09:43:11,545] multiqc                                            [DEBUG  ]  File ignored by vep/vep_txt because it exceeded search pattern filesize limit: classification.qzv
[2023-03-01 09:43:11,545] multiqc                                            [DEBUG  ]  File ignored by longranger/invocation because it exceeded search pattern filesize limit: classification.qzv
[2023-03-01 09:43:11,545] multiqc                                            [DEBUG  ]  File ignored by rockhopper because it exceeded search pattern filesize limit: classification.qzv
[2023-03-01 09:43:11,545] multiqc                                            [DEBUG  ]  File ignored by rseqc/bam_stat because it exceeded search pattern filesize limit: classification.qzv
[2023-03-01 09:43:11,545] multiqc                                            [DEBUG  ]  File ignored by rseqc/junction_annotation because it exceeded search pattern filesize limit: classification.qzv
[2023-03-01 09:43:11,545] multiqc                                            [DEBUG  ]  File ignored by rseqc/read_distribution because it exceeded search pattern filesize limit: classification.qzv
[2023-03-01 09:43:11,545] multiqc                                            [DEBUG  ]  File ignored by rseqc/infer_experiment because it exceeded search pattern filesize limit: classification.qzv
[2023-03-01 09:43:11,545] multiqc                                            [DEBUG  ]  File ignored by stacks/sumstats because it exceeded search pattern filesize limit: classification.qzv
[2023-03-01 09:43:11,546] multiqc                                            [DEBUG  ]  File ignored by nanostat because it exceeded search pattern filesize limit: classification.qzv
[2023-03-01 09:43:11,548] multiqc                                            [DEBUG  ]  File ignored by ccs/v4 because it exceeded search pattern filesize limit: search_results.qza
[2023-03-01 09:43:11,549] multiqc                                            [DEBUG  ]  File ignored by hicexplorer because it exceeded search pattern filesize limit: search_results.qza
[2023-03-01 09:43:11,549] multiqc                                            [DEBUG  ]  File ignored by lima/summary because it exceeded search pattern filesize limit: search_results.qza
[2023-03-01 09:43:11,550] multiqc                                            [DEBUG  ]  File ignored by vep/vep_txt because it exceeded search pattern filesize limit: search_results.qza
[2023-03-01 09:43:11,550] multiqc                                            [DEBUG  ]  File ignored by longranger/invocation because it exceeded search pattern filesize limit: search_results.qza
[2023-03-01 09:43:11,552] multiqc                                            [DEBUG  ]  File ignored by nanostat because it exceeded search pattern filesize limit: search_results.qza
[2023-03-01 09:43:11,555] multiqc                                            [DEBUG  ]  File ignored by ccs/v4 because it exceeded search pattern filesize limit: classification-no-consensus.qza
[2023-03-01 09:43:11,555] multiqc                                            [DEBUG  ]  File ignored by hicexplorer because it exceeded search pattern filesize limit: classification-no-consensus.qza
[2023-03-01 09:43:11,556] multiqc                                            [DEBUG  ]  File ignored by lima/summary because it exceeded search pattern filesize limit: classification-no-consensus.qza
[2023-03-01 09:43:11,557] multiqc                                            [DEBUG  ]  File ignored by longranger/invocation because it exceeded search pattern filesize limit: classification-no-consensus.qza
[2023-03-01 09:43:11,558] multiqc                                            [DEBUG  ]  File ignored by nanostat because it exceeded search pattern filesize limit: classification-no-consensus.qza
[2023-03-01 09:43:11,562] multiqc                                            [DEBUG  ]  File ignored by ccs/v4 because it exceeded search pattern filesize limit: classification.qza
[2023-03-01 09:43:11,563] multiqc                                            [DEBUG  ]  File ignored by hicexplorer because it exceeded search pattern filesize limit: classification.qza
[2023-03-01 09:43:11,563] multiqc                                            [DEBUG  ]  File ignored by lima/summary because it exceeded search pattern filesize limit: classification.qza
[2023-03-01 09:43:11,564] multiqc                                            [DEBUG  ]  File ignored by vep/vep_txt because it exceeded search pattern filesize limit: classification.qza
[2023-03-01 09:43:11,564] multiqc                                            [DEBUG  ]  File ignored by longranger/invocation because it exceeded search pattern filesize limit: classification.qza
[2023-03-01 09:43:11,564] multiqc                                            [DEBUG  ]  File ignored by rockhopper because it exceeded search pattern filesize limit: classification.qza
[2023-03-01 09:43:11,564] multiqc                                            [DEBUG  ]  File ignored by rseqc/bam_stat because it exceeded search pattern filesize limit: classification.qza
[2023-03-01 09:43:11,564] multiqc                                            [DEBUG  ]  File ignored by rseqc/junction_annotation because it exceeded search pattern filesize limit: classification.qza
[2023-03-01 09:43:11,564] multiqc                                            [DEBUG  ]  File ignored by rseqc/read_distribution because it exceeded search pattern filesize limit: classification.qza
[2023-03-01 09:43:11,564] multiqc                                            [DEBUG  ]  File ignored by rseqc/infer_experiment because it exceeded search pattern filesize limit: classification.qza
[2023-03-01 09:43:11,565] multiqc                                            [DEBUG  ]  File ignored by nanostat because it exceeded search pattern filesize limit: classification.qza
[2023-03-01 09:43:11,567] multiqc                                            [DEBUG  ]  File ignored by ccs/v4 because it exceeded search pattern filesize limit: search_results.qzv
[2023-03-01 09:43:11,568] multiqc                                            [DEBUG  ]  File ignored by hicexplorer because it exceeded search pattern filesize limit: search_results.qzv
[2023-03-01 09:43:11,568] multiqc                                            [DEBUG  ]  File ignored by lima/summary because it exceeded search pattern filesize limit: search_results.qzv
[2023-03-01 09:43:11,569] multiqc                                            [DEBUG  ]  File ignored by vep/vep_html because it exceeded search pattern filesize limit: search_results.qzv
[2023-03-01 09:43:11,569] multiqc                                            [DEBUG  ]  File ignored by vep/vep_txt because it exceeded search pattern filesize limit: search_results.qzv
[2023-03-01 09:43:11,569] multiqc                                            [DEBUG  ]  File ignored by longranger/invocation because it exceeded search pattern filesize limit: search_results.qzv
[2023-03-01 09:43:11,569] multiqc                                            [DEBUG  ]  File ignored by rockhopper because it exceeded search pattern filesize limit: search_results.qzv
[2023-03-01 09:43:11,569] multiqc                                            [DEBUG  ]  File ignored by rseqc/bam_stat because it exceeded search pattern filesize limit: search_results.qzv
[2023-03-01 09:43:11,569] multiqc                                            [DEBUG  ]  File ignored by rseqc/junction_annotation because it exceeded search pattern filesize limit: search_results.qzv
[2023-03-01 09:43:11,569] multiqc                                            [DEBUG  ]  File ignored by rseqc/read_distribution because it exceeded search pattern filesize limit: search_results.qzv
[2023-03-01 09:43:11,569] multiqc                                            [DEBUG  ]  File ignored by rseqc/infer_experiment because it exceeded search pattern filesize limit: search_results.qzv
[2023-03-01 09:43:11,570] multiqc                                            [DEBUG  ]  File ignored by stacks/sumstats because it exceeded search pattern filesize limit: search_results.qzv
[2023-03-01 09:43:11,571] multiqc                                            [DEBUG  ]  File ignored by nanostat because it exceeded search pattern filesize limit: search_results.qzv
[2023-03-01 09:43:11,577] multiqc                                            [DEBUG  ]  File ignored by ccs/v4 because it exceeded search pattern filesize limit: classification.qzv
[2023-03-01 09:43:11,578] multiqc                                            [DEBUG  ]  File ignored by hicexplorer because it exceeded search pattern filesize limit: classification.qzv
[2023-03-01 09:43:11,578] multiqc                                            [DEBUG  ]  File ignored by lima/summary because it exceeded search pattern filesize limit: classification.qzv
[2023-03-01 09:43:11,579] multiqc                                            [DEBUG  ]  File ignored by vep/vep_html because it exceeded search pattern filesize limit: classification.qzv
[2023-03-01 09:43:11,579] multiqc                                            [DEBUG  ]  File ignored by vep/vep_txt because it exceeded search pattern filesize limit: classification.qzv
[2023-03-01 09:43:11,579] multiqc                                            [DEBUG  ]  File ignored by longranger/invocation because it exceeded search pattern filesize limit: classification.qzv
[2023-03-01 09:43:11,579] multiqc                                            [DEBUG  ]  File ignored by rockhopper because it exceeded search pattern filesize limit: classification.qzv
[2023-03-01 09:43:11,579] multiqc                                            [DEBUG  ]  File ignored by rseqc/bam_stat because it exceeded search pattern filesize limit: classification.qzv
[2023-03-01 09:43:11,579] multiqc                                            [DEBUG  ]  File ignored by rseqc/junction_annotation because it exceeded search pattern filesize limit: classification.qzv
[2023-03-01 09:43:11,579] multiqc                                            [DEBUG  ]  File ignored by rseqc/read_distribution because it exceeded search pattern filesize limit: classification.qzv
[2023-03-01 09:43:11,579] multiqc                                            [DEBUG  ]  File ignored by rseqc/infer_experiment because it exceeded search pattern filesize limit: classification.qzv
[2023-03-01 09:43:11,579] multiqc                                            [DEBUG  ]  File ignored by stacks/sumstats because it exceeded search pattern filesize limit: classification.qzv
[2023-03-01 09:43:11,581] multiqc                                            [DEBUG  ]  File ignored by nanostat because it exceeded search pattern filesize limit: classification.qzv
[2023-03-01 09:43:11,583] multiqc                                            [DEBUG  ]  File ignored by ccs/v4 because it exceeded search pattern filesize limit: search_results.qza
[2023-03-01 09:43:11,584] multiqc                                            [DEBUG  ]  File ignored by hicexplorer because it exceeded search pattern filesize limit: search_results.qza
[2023-03-01 09:43:11,584] multiqc                                            [DEBUG  ]  File ignored by lima/summary because it exceeded search pattern filesize limit: search_results.qza
[2023-03-01 09:43:11,585] multiqc                                            [DEBUG  ]  File ignored by vep/vep_txt because it exceeded search pattern filesize limit: search_results.qza
[2023-03-01 09:43:11,585] multiqc                                            [DEBUG  ]  File ignored by longranger/invocation because it exceeded search pattern filesize limit: search_results.qza
[2023-03-01 09:43:11,587] multiqc                                            [DEBUG  ]  File ignored by nanostat because it exceeded search pattern filesize limit: search_results.qza
[2023-03-01 09:43:11,589] multiqc                                            [DEBUG  ]  File ignored by ccs/v4 because it exceeded search pattern filesize limit: classification-no-consensus.qza
[2023-03-01 09:43:11,590] multiqc                                            [DEBUG  ]  File ignored by hicexplorer because it exceeded search pattern filesize limit: classification-no-consensus.qza
[2023-03-01 09:43:11,590] multiqc                                            [DEBUG  ]  File ignored by lima/summary because it exceeded search pattern filesize limit: classification-no-consensus.qza
[2023-03-01 09:43:11,592] multiqc                                            [DEBUG  ]  File ignored by longranger/invocation because it exceeded search pattern filesize limit: classification-no-consensus.qza
[2023-03-01 09:43:11,593] multiqc                                            [DEBUG  ]  File ignored by nanostat because it exceeded search pattern filesize limit: classification-no-consensus.qza
[2023-03-01 09:43:11,596] multiqc                                            [DEBUG  ]  File ignored by ccs/v4 because it exceeded search pattern filesize limit: classification.qza
[2023-03-01 09:43:11,597] multiqc                                            [DEBUG  ]  File ignored by hicexplorer because it exceeded search pattern filesize limit: classification.qza
[2023-03-01 09:43:11,597] multiqc                                            [DEBUG  ]  File ignored by lima/summary because it exceeded search pattern filesize limit: classification.qza
[2023-03-01 09:43:11,598] multiqc                                            [DEBUG  ]  File ignored by vep/vep_txt because it exceeded search pattern filesize limit: classification.qza
[2023-03-01 09:43:11,598] multiqc                                            [DEBUG  ]  File ignored by longranger/invocation because it exceeded search pattern filesize limit: classification.qza
[2023-03-01 09:43:11,599] multiqc                                            [DEBUG  ]  File ignored by nanostat because it exceeded search pattern filesize limit: classification.qza
[2023-03-01 09:43:11,601] multiqc                                            [DEBUG  ]  File ignored by ccs/v4 because it exceeded search pattern filesize limit: search_results.qzv
[2023-03-01 09:43:11,602] multiqc                                            [DEBUG  ]  File ignored by hicexplorer because it exceeded search pattern filesize limit: search_results.qzv
[2023-03-01 09:43:11,602] multiqc                                            [DEBUG  ]  File ignored by lima/summary because it exceeded search pattern filesize limit: search_results.qzv
[2023-03-01 09:43:11,603] multiqc                                            [DEBUG  ]  File ignored by vep/vep_html because it exceeded search pattern filesize limit: search_results.qzv
[2023-03-01 09:43:11,603] multiqc                                            [DEBUG  ]  File ignored by vep/vep_txt because it exceeded search pattern filesize limit: search_results.qzv
[2023-03-01 09:43:11,603] multiqc                                            [DEBUG  ]  File ignored by longranger/invocation because it exceeded search pattern filesize limit: search_results.qzv
[2023-03-01 09:43:11,603] multiqc                                            [DEBUG  ]  File ignored by rockhopper because it exceeded search pattern filesize limit: search_results.qzv
[2023-03-01 09:43:11,603] multiqc                                            [DEBUG  ]  File ignored by rseqc/bam_stat because it exceeded search pattern filesize limit: search_results.qzv
[2023-03-01 09:43:11,603] multiqc                                            [DEBUG  ]  File ignored by rseqc/junction_annotation because it exceeded search pattern filesize limit: search_results.qzv
[2023-03-01 09:43:11,603] multiqc                                            [DEBUG  ]  File ignored by rseqc/read_distribution because it exceeded search pattern filesize limit: search_results.qzv
[2023-03-01 09:43:11,603] multiqc                                            [DEBUG  ]  File ignored by rseqc/infer_experiment because it exceeded search pattern filesize limit: search_results.qzv
[2023-03-01 09:43:11,603] multiqc                                            [DEBUG  ]  File ignored by stacks/sumstats because it exceeded search pattern filesize limit: search_results.qzv
[2023-03-01 09:43:11,604] multiqc                                            [DEBUG  ]  File ignored by nanostat because it exceeded search pattern filesize limit: search_results.qzv
[2023-03-01 09:43:11,607] multiqc                                            [DEBUG  ]  File ignored by ccs/v4 because it exceeded search pattern filesize limit: classification-no-consensus.tsv
[2023-03-01 09:43:11,607] multiqc                                            [DEBUG  ]  File ignored by hicexplorer because it exceeded search pattern filesize limit: classification-no-consensus.tsv
[2023-03-01 09:43:11,607] multiqc                                            [DEBUG  ]  File ignored by lima/summary because it exceeded search pattern filesize limit: classification-no-consensus.tsv
[2023-03-01 09:43:11,609] multiqc                                            [DEBUG  ]  File ignored by longranger/invocation because it exceeded search pattern filesize limit: classification-no-consensus.tsv
[2023-03-01 09:43:11,612] multiqc                                            [DEBUG  ]  File ignored by nanostat because it exceeded search pattern filesize limit: classification-no-consensus.tsv
[2023-03-01 09:43:11,615] multiqc                                            [DEBUG  ]  File ignored by ccs/v4 because it exceeded search pattern filesize limit: classification.qzv
[2023-03-01 09:43:11,615] multiqc                                            [DEBUG  ]  File ignored by hicexplorer because it exceeded search pattern filesize limit: classification.qzv
[2023-03-01 09:43:11,615] multiqc                                            [DEBUG  ]  File ignored by lima/summary because it exceeded search pattern filesize limit: classification.qzv
[2023-03-01 09:43:11,616] multiqc                                            [DEBUG  ]  File ignored by vep/vep_html because it exceeded search pattern filesize limit: classification.qzv
[2023-03-01 09:43:11,616] multiqc                                            [DEBUG  ]  File ignored by vep/vep_txt because it exceeded search pattern filesize limit: classification.qzv
[2023-03-01 09:43:11,616] multiqc                                            [DEBUG  ]  File ignored by longranger/invocation because it exceeded search pattern filesize limit: classification.qzv
[2023-03-01 09:43:11,616] multiqc                                            [DEBUG  ]  File ignored by rockhopper because it exceeded search pattern filesize limit: classification.qzv
[2023-03-01 09:43:11,616] multiqc                                            [DEBUG  ]  File ignored by rseqc/bam_stat because it exceeded search pattern filesize limit: classification.qzv
[2023-03-01 09:43:11,616] multiqc                                            [DEBUG  ]  File ignored by rseqc/junction_annotation because it exceeded search pattern filesize limit: classification.qzv
[2023-03-01 09:43:11,616] multiqc                                            [DEBUG  ]  File ignored by rseqc/read_distribution because it exceeded search pattern filesize limit: classification.qzv
[2023-03-01 09:43:11,616] multiqc                                            [DEBUG  ]  File ignored by rseqc/infer_experiment because it exceeded search pattern filesize limit: classification.qzv
[2023-03-01 09:43:11,616] multiqc                                            [DEBUG  ]  File ignored by stacks/sumstats because it exceeded search pattern filesize limit: classification.qzv
[2023-03-01 09:43:11,617] multiqc                                            [DEBUG  ]  File ignored by nanostat because it exceeded search pattern filesize limit: classification.qzv
[2023-03-01 09:43:11,619] multiqc                                            [DEBUG  ]  File ignored by ccs/v4 because it exceeded search pattern filesize limit: search_results.qza
[2023-03-01 09:43:11,620] multiqc                                            [DEBUG  ]  File ignored by hicexplorer because it exceeded search pattern filesize limit: search_results.qza
[2023-03-01 09:43:11,620] multiqc                                            [DEBUG  ]  File ignored by lima/summary because it exceeded search pattern filesize limit: search_results.qza
[2023-03-01 09:43:11,621] multiqc                                            [DEBUG  ]  File ignored by vep/vep_txt because it exceeded search pattern filesize limit: search_results.qza
[2023-03-01 09:43:11,621] multiqc                                            [DEBUG  ]  File ignored by longranger/invocation because it exceeded search pattern filesize limit: search_results.qza
[2023-03-01 09:43:11,622] multiqc                                            [DEBUG  ]  File ignored by nanostat because it exceeded search pattern filesize limit: search_results.qza
[2023-03-01 09:43:11,624] multiqc                                            [DEBUG  ]  File ignored by ccs/v4 because it exceeded search pattern filesize limit: classification-no-consensus.qza
[2023-03-01 09:43:11,624] multiqc                                            [DEBUG  ]  File ignored by hicexplorer because it exceeded search pattern filesize limit: classification-no-consensus.qza
[2023-03-01 09:43:11,624] multiqc                                            [DEBUG  ]  File ignored by lima/summary because it exceeded search pattern filesize limit: classification-no-consensus.qza
[2023-03-01 09:43:11,625] multiqc                                            [DEBUG  ]  File ignored by longranger/invocation because it exceeded search pattern filesize limit: classification-no-consensus.qza
[2023-03-01 09:43:11,626] multiqc                                            [DEBUG  ]  File ignored by nanostat because it exceeded search pattern filesize limit: classification-no-consensus.qza
[2023-03-01 09:43:11,628] multiqc                                            [DEBUG  ]  File ignored by ccs/v4 because it exceeded search pattern filesize limit: classification.qza
[2023-03-01 09:43:11,629] multiqc                                            [DEBUG  ]  File ignored by hicexplorer because it exceeded search pattern filesize limit: classification.qza
[2023-03-01 09:43:11,629] multiqc                                            [DEBUG  ]  File ignored by lima/summary because it exceeded search pattern filesize limit: classification.qza
[2023-03-01 09:43:11,629] multiqc                                            [DEBUG  ]  File ignored by vep/vep_txt because it exceeded search pattern filesize limit: classification.qza
[2023-03-01 09:43:11,629] multiqc                                            [DEBUG  ]  File ignored by longranger/invocation because it exceeded search pattern filesize limit: classification.qza
[2023-03-01 09:43:11,631] multiqc                                            [DEBUG  ]  File ignored by nanostat because it exceeded search pattern filesize limit: classification.qza
[2023-03-01 09:43:11,632] multiqc                                            [DEBUG  ]  File ignored by ccs/v4 because it exceeded search pattern filesize limit: search_results.qzv
[2023-03-01 09:43:11,633] multiqc                                            [DEBUG  ]  File ignored by hicexplorer because it exceeded search pattern filesize limit: search_results.qzv
[2023-03-01 09:43:11,633] multiqc                                            [DEBUG  ]  File ignored by lima/summary because it exceeded search pattern filesize limit: search_results.qzv
[2023-03-01 09:43:11,633] multiqc                                            [DEBUG  ]  File ignored by vep/vep_html because it exceeded search pattern filesize limit: search_results.qzv
[2023-03-01 09:43:11,634] multiqc                                            [DEBUG  ]  File ignored by vep/vep_txt because it exceeded search pattern filesize limit: search_results.qzv
[2023-03-01 09:43:11,634] multiqc                                            [DEBUG  ]  File ignored by longranger/invocation because it exceeded search pattern filesize limit: search_results.qzv
[2023-03-01 09:43:11,634] multiqc                                            [DEBUG  ]  File ignored by rockhopper because it exceeded search pattern filesize limit: search_results.qzv
[2023-03-01 09:43:11,634] multiqc                                            [DEBUG  ]  File ignored by rseqc/bam_stat because it exceeded search pattern filesize limit: search_results.qzv
[2023-03-01 09:43:11,634] multiqc                                            [DEBUG  ]  File ignored by rseqc/junction_annotation because it exceeded search pattern filesize limit: search_results.qzv
[2023-03-01 09:43:11,634] multiqc                                            [DEBUG  ]  File ignored by rseqc/read_distribution because it exceeded search pattern filesize limit: search_results.qzv
[2023-03-01 09:43:11,634] multiqc                                            [DEBUG  ]  File ignored by rseqc/infer_experiment because it exceeded search pattern filesize limit: search_results.qzv
[2023-03-01 09:43:11,634] multiqc                                            [DEBUG  ]  File ignored by stacks/sumstats because it exceeded search pattern filesize limit: search_results.qzv
[2023-03-01 09:43:11,635] multiqc                                            [DEBUG  ]  File ignored by nanostat because it exceeded search pattern filesize limit: search_results.qzv
[2023-03-01 09:43:11,637] multiqc                                            [DEBUG  ]  File ignored by ccs/v4 because it exceeded search pattern filesize limit: classification-no-consensus.tsv
[2023-03-01 09:43:11,637] multiqc                                            [DEBUG  ]  File ignored by hicexplorer because it exceeded search pattern filesize limit: classification-no-consensus.tsv
[2023-03-01 09:43:11,637] multiqc                                            [DEBUG  ]  File ignored by lima/summary because it exceeded search pattern filesize limit: classification-no-consensus.tsv
[2023-03-01 09:43:11,638] multiqc                                            [DEBUG  ]  File ignored by longranger/invocation because it exceeded search pattern filesize limit: classification-no-consensus.tsv
[2023-03-01 09:43:11,644] multiqc                                            [DEBUG  ]  File ignored by nanostat because it exceeded search pattern filesize limit: classification-no-consensus.tsv
[2023-03-01 09:43:11,646] multiqc                                            [DEBUG  ]  File ignored by ccs/v4 because it exceeded search pattern filesize limit: classification.qzv
[2023-03-01 09:43:11,647] multiqc                                            [DEBUG  ]  File ignored by hicexplorer because it exceeded search pattern filesize limit: classification.qzv
[2023-03-01 09:43:11,647] multiqc                                            [DEBUG  ]  File ignored by lima/summary because it exceeded search pattern filesize limit: classification.qzv
[2023-03-01 09:43:11,648] multiqc                                            [DEBUG  ]  File ignored by vep/vep_html because it exceeded search pattern filesize limit: classification.qzv
[2023-03-01 09:43:11,648] multiqc                                            [DEBUG  ]  File ignored by vep/vep_txt because it exceeded search pattern filesize limit: classification.qzv
[2023-03-01 09:43:11,648] multiqc                                            [DEBUG  ]  File ignored by longranger/invocation because it exceeded search pattern filesize limit: classification.qzv
[2023-03-01 09:43:11,648] multiqc                                            [DEBUG  ]  File ignored by rockhopper because it exceeded search pattern filesize limit: classification.qzv
[2023-03-01 09:43:11,648] multiqc                                            [DEBUG  ]  File ignored by rseqc/bam_stat because it exceeded search pattern filesize limit: classification.qzv
[2023-03-01 09:43:11,648] multiqc                                            [DEBUG  ]  File ignored by rseqc/junction_annotation because it exceeded search pattern filesize limit: classification.qzv
[2023-03-01 09:43:11,648] multiqc                                            [DEBUG  ]  File ignored by rseqc/read_distribution because it exceeded search pattern filesize limit: classification.qzv
[2023-03-01 09:43:11,648] multiqc                                            [DEBUG  ]  File ignored by rseqc/infer_experiment because it exceeded search pattern filesize limit: classification.qzv
[2023-03-01 09:43:11,648] multiqc                                            [DEBUG  ]  File ignored by stacks/sumstats because it exceeded search pattern filesize limit: classification.qzv
[2023-03-01 09:43:11,649] multiqc                                            [DEBUG  ]  File ignored by nanostat because it exceeded search pattern filesize limit: classification.qzv
[2023-03-01 09:43:11,651] multiqc                                            [DEBUG  ]  File ignored by ccs/v4 because it exceeded search pattern filesize limit: search_results.qza
[2023-03-01 09:43:11,651] multiqc                                            [DEBUG  ]  File ignored by hicexplorer because it exceeded search pattern filesize limit: search_results.qza
[2023-03-01 09:43:11,651] multiqc                                            [DEBUG  ]  File ignored by lima/summary because it exceeded search pattern filesize limit: search_results.qza
[2023-03-01 09:43:11,652] multiqc                                            [DEBUG  ]  File ignored by vep/vep_txt because it exceeded search pattern filesize limit: search_results.qza
[2023-03-01 09:43:11,652] multiqc                                            [DEBUG  ]  File ignored by longranger/invocation because it exceeded search pattern filesize limit: search_results.qza
[2023-03-01 09:43:11,653] multiqc                                            [DEBUG  ]  File ignored by nanostat because it exceeded search pattern filesize limit: search_results.qza
[2023-03-01 09:43:11,655] multiqc                                            [DEBUG  ]  File ignored by ccs/v4 because it exceeded search pattern filesize limit: filtered-representative-sequences.qza
[2023-03-01 09:43:11,656] multiqc                                            [DEBUG  ]  File ignored by hicexplorer because it exceeded search pattern filesize limit: filtered-representative-sequences.qza
[2023-03-01 09:43:11,656] multiqc                                            [DEBUG  ]  File ignored by lima/summary because it exceeded search pattern filesize limit: filtered-representative-sequences.qza
[2023-03-01 09:43:11,656] multiqc                                            [DEBUG  ]  File ignored by longranger/invocation because it exceeded search pattern filesize limit: filtered-representative-sequences.qza
[2023-03-01 09:43:11,658] multiqc                                            [DEBUG  ]  File ignored by nanostat because it exceeded search pattern filesize limit: filtered-representative-sequences.qza
[2023-03-01 09:43:11,661] multiqc                                            [DEBUG  ]  File ignored by ccs/v4 because it exceeded search pattern filesize limit: representative-sequences-dn-99.qza
[2023-03-01 09:43:11,662] multiqc                                            [DEBUG  ]  File ignored by hicexplorer because it exceeded search pattern filesize limit: representative-sequences-dn-99.qza
[2023-03-01 09:43:11,662] multiqc                                            [DEBUG  ]  File ignored by lima/summary because it exceeded search pattern filesize limit: representative-sequences-dn-99.qza
[2023-03-01 09:43:11,664] multiqc                                            [DEBUG  ]  File ignored by longranger/invocation because it exceeded search pattern filesize limit: representative-sequences-dn-99.qza
[2023-03-01 09:43:11,665] multiqc                                            [DEBUG  ]  File ignored by nanostat because it exceeded search pattern filesize limit: representative-sequences-dn-99.qza
[2023-03-01 09:43:11,668] multiqc                                            [DEBUG  ]  File ignored by ccs/v4 because it exceeded search pattern filesize limit: table-dn-99.qzv
[2023-03-01 09:43:11,669] multiqc                                            [DEBUG  ]  File ignored by hicexplorer because it exceeded search pattern filesize limit: table-dn-99.qzv
[2023-03-01 09:43:11,669] multiqc                                            [DEBUG  ]  File ignored by lima/summary because it exceeded search pattern filesize limit: table-dn-99.qzv
[2023-03-01 09:43:11,669] multiqc                                            [DEBUG  ]  File ignored by vep/vep_txt because it exceeded search pattern filesize limit: table-dn-99.qzv
[2023-03-01 09:43:11,670] multiqc                                            [DEBUG  ]  File ignored by longranger/invocation because it exceeded search pattern filesize limit: table-dn-99.qzv
[2023-03-01 09:43:11,671] multiqc                                            [DEBUG  ]  File ignored by nanostat because it exceeded search pattern filesize limit: table-dn-99.qzv
[2023-03-01 09:43:11,678] multiqc                                            [DEBUG  ]  File ignored by ccs/v4 because it exceeded search pattern filesize limit: denoising-stats.qzv
[2023-03-01 09:43:11,679] multiqc                                            [DEBUG  ]  File ignored by hicexplorer because it exceeded search pattern filesize limit: denoising-stats.qzv
[2023-03-01 09:43:11,679] multiqc                                            [DEBUG  ]  File ignored by lima/summary because it exceeded search pattern filesize limit: denoising-stats.qzv
[2023-03-01 09:43:11,680] multiqc                                            [DEBUG  ]  File ignored by vep/vep_html because it exceeded search pattern filesize limit: denoising-stats.qzv
[2023-03-01 09:43:11,680] multiqc                                            [DEBUG  ]  File ignored by vep/vep_txt because it exceeded search pattern filesize limit: denoising-stats.qzv
[2023-03-01 09:43:11,680] multiqc                                            [DEBUG  ]  File ignored by longranger/invocation because it exceeded search pattern filesize limit: denoising-stats.qzv
[2023-03-01 09:43:11,680] multiqc                                            [DEBUG  ]  File ignored by rockhopper because it exceeded search pattern filesize limit: denoising-stats.qzv
[2023-03-01 09:43:11,680] multiqc                                            [DEBUG  ]  File ignored by rseqc/bam_stat because it exceeded search pattern filesize limit: denoising-stats.qzv
[2023-03-01 09:43:11,680] multiqc                                            [DEBUG  ]  File ignored by rseqc/junction_annotation because it exceeded search pattern filesize limit: denoising-stats.qzv
[2023-03-01 09:43:11,680] multiqc                                            [DEBUG  ]  File ignored by rseqc/read_distribution because it exceeded search pattern filesize limit: denoising-stats.qzv
[2023-03-01 09:43:11,680] multiqc                                            [DEBUG  ]  File ignored by rseqc/infer_experiment because it exceeded search pattern filesize limit: denoising-stats.qzv
[2023-03-01 09:43:11,680] multiqc                                            [DEBUG  ]  File ignored by stacks/sumstats because it exceeded search pattern filesize limit: denoising-stats.qzv
[2023-03-01 09:43:11,681] multiqc                                            [DEBUG  ]  File ignored by nanostat because it exceeded search pattern filesize limit: denoising-stats.qzv
[2023-03-01 09:43:11,683] multiqc                                            [DEBUG  ]  File ignored by ccs/v4 because it exceeded search pattern filesize limit: representative-sequences-dn-99.qzv
[2023-03-01 09:43:11,684] multiqc                                            [DEBUG  ]  File ignored by hicexplorer because it exceeded search pattern filesize limit: representative-sequences-dn-99.qzv
[2023-03-01 09:43:11,684] multiqc                                            [DEBUG  ]  File ignored by lima/summary because it exceeded search pattern filesize limit: representative-sequences-dn-99.qzv
[2023-03-01 09:43:11,685] multiqc                                            [DEBUG  ]  File ignored by vep/vep_txt because it exceeded search pattern filesize limit: representative-sequences-dn-99.qzv
[2023-03-01 09:43:11,685] multiqc                                            [DEBUG  ]  File ignored by longranger/invocation because it exceeded search pattern filesize limit: representative-sequences-dn-99.qzv
[2023-03-01 09:43:11,686] multiqc                                            [DEBUG  ]  File ignored by nanostat because it exceeded search pattern filesize limit: representative-sequences-dn-99.qzv
[2023-03-01 09:43:11,687] multiqc                                            [DEBUG  ]  File ignored by ccs/v4 because it exceeded search pattern filesize limit: table.qza
[2023-03-01 09:43:11,688] multiqc                                            [DEBUG  ]  File ignored by hicexplorer because it exceeded search pattern filesize limit: table.qza
[2023-03-01 09:43:11,688] multiqc                                            [DEBUG  ]  File ignored by lima/summary because it exceeded search pattern filesize limit: table.qza
[2023-03-01 09:43:11,689] multiqc                                            [DEBUG  ]  File ignored by longranger/invocation because it exceeded search pattern filesize limit: table.qza
[2023-03-01 09:43:11,690] multiqc                                            [DEBUG  ]  File ignored by nanostat because it exceeded search pattern filesize limit: table.qza
[2023-03-01 09:43:11,692] multiqc                                            [DEBUG  ]  File ignored by ccs/v4 because it exceeded search pattern filesize limit: filtered-table.qza
[2023-03-01 09:43:11,693] multiqc                                            [DEBUG  ]  File ignored by hicexplorer because it exceeded search pattern filesize limit: filtered-table.qza
[2023-03-01 09:43:11,693] multiqc                                            [DEBUG  ]  File ignored by lima/summary because it exceeded search pattern filesize limit: filtered-table.qza
[2023-03-01 09:43:11,693] multiqc                                            [DEBUG  ]  File ignored by longranger/invocation because it exceeded search pattern filesize limit: filtered-table.qza
[2023-03-01 09:43:11,694] multiqc                                            [DEBUG  ]  File ignored by nanostat because it exceeded search pattern filesize limit: filtered-table.qza
[2023-03-01 09:43:11,696] multiqc                                            [DEBUG  ]  File ignored by ccs/v4 because it exceeded search pattern filesize limit: representative-sequences.qza
[2023-03-01 09:43:11,697] multiqc                                            [DEBUG  ]  File ignored by hicexplorer because it exceeded search pattern filesize limit: representative-sequences.qza
[2023-03-01 09:43:11,697] multiqc                                            [DEBUG  ]  File ignored by lima/summary because it exceeded search pattern filesize limit: representative-sequences.qza
[2023-03-01 09:43:11,697] multiqc                                            [DEBUG  ]  File ignored by longranger/invocation because it exceeded search pattern filesize limit: representative-sequences.qza
[2023-03-01 09:43:11,698] multiqc                                            [DEBUG  ]  File ignored by nanostat because it exceeded search pattern filesize limit: representative-sequences.qza
[2023-03-01 09:43:11,700] multiqc                                            [DEBUG  ]  File ignored by ccs/v4 because it exceeded search pattern filesize limit: denoising-stats.qza
[2023-03-01 09:43:11,701] multiqc                                            [DEBUG  ]  File ignored by hicexplorer because it exceeded search pattern filesize limit: denoising-stats.qza
[2023-03-01 09:43:11,701] multiqc                                            [DEBUG  ]  File ignored by lima/summary because it exceeded search pattern filesize limit: denoising-stats.qza
[2023-03-01 09:43:11,701] multiqc                                            [DEBUG  ]  File ignored by longranger/invocation because it exceeded search pattern filesize limit: denoising-stats.qza
[2023-03-01 09:43:11,703] multiqc                                            [DEBUG  ]  File ignored by nanostat because it exceeded search pattern filesize limit: denoising-stats.qza
[2023-03-01 09:43:11,704] multiqc                                            [DEBUG  ]  File ignored by ccs/v4 because it exceeded search pattern filesize limit: table-dn-99.qza
[2023-03-01 09:43:11,705] multiqc                                            [DEBUG  ]  File ignored by hicexplorer because it exceeded search pattern filesize limit: table-dn-99.qza
[2023-03-01 09:43:11,705] multiqc                                            [DEBUG  ]  File ignored by lima/summary because it exceeded search pattern filesize limit: table-dn-99.qza
[2023-03-01 09:43:11,705] multiqc                                            [DEBUG  ]  File ignored by longranger/invocation because it exceeded search pattern filesize limit: table-dn-99.qza
[2023-03-01 09:43:11,707] multiqc                                            [DEBUG  ]  File ignored by nanostat because it exceeded search pattern filesize limit: table-dn-99.qza
[2023-03-01 09:43:12,480] multiqc.plots.bargraph                             [DEBUG  ]  Using matplotlib version 3.5.2
[2023-03-01 09:43:12,480] multiqc.plots.linegraph                            [DEBUG  ]  Using matplotlib version 3.5.2
[2023-03-01 09:43:12,504] multiqc.modules.fastp.fastp                        [DEBUG  ]  fastp JSON did not have a 'adapter_cutting' key, skipping: 'sample03_S3_L001.fastp.json'
[2023-03-01 09:43:12,505] multiqc.modules.fastp.fastp                        [DEBUG  ]  Could not calculate 'pct_adapter' (KeyError): sample03_S3_L001.fastp.json
[2023-03-01 09:43:12,505] multiqc.modules.fastp.fastp                        [DEBUG  ]  No duplication rate plot data: sample03_S3_L001.fastp.json
[2023-03-01 09:43:12,505] multiqc.modules.fastp.fastp                        [DEBUG  ]  No insert size plot data: sample03_S3_L001.fastp.json
[2023-03-01 09:43:12,505] multiqc.modules.fastp.fastp                        [DEBUG  ]  Read quality read2_before_filtering not found: sample03_S3_L001.fastp.json
[2023-03-01 09:43:12,505] multiqc.modules.fastp.fastp                        [DEBUG  ]  Content curve data read2_before_filtering not found: sample03_S3_L001.fastp.json
[2023-03-01 09:43:12,505] multiqc.modules.fastp.fastp                        [DEBUG  ]  Read quality read2_after_filtering not found: sample03_S3_L001.fastp.json
[2023-03-01 09:43:12,505] multiqc.modules.fastp.fastp                        [DEBUG  ]  Content curve data read2_after_filtering not found: sample03_S3_L001.fastp.json
[2023-03-01 09:43:12,506] multiqc.modules.fastp.fastp                        [DEBUG  ]  fastp JSON did not have a 'adapter_cutting' key, skipping: 'sample01_S1_L001.fastp.json'
[2023-03-01 09:43:12,506] multiqc.modules.fastp.fastp                        [DEBUG  ]  Could not calculate 'pct_adapter' (KeyError): sample01_S1_L001.fastp.json
[2023-03-01 09:43:12,506] multiqc.modules.fastp.fastp                        [DEBUG  ]  No duplication rate plot data: sample01_S1_L001.fastp.json
[2023-03-01 09:43:12,506] multiqc.modules.fastp.fastp                        [DEBUG  ]  No insert size plot data: sample01_S1_L001.fastp.json
[2023-03-01 09:43:12,507] multiqc.modules.fastp.fastp                        [DEBUG  ]  Read quality read2_before_filtering not found: sample01_S1_L001.fastp.json
[2023-03-01 09:43:12,507] multiqc.modules.fastp.fastp                        [DEBUG  ]  Content curve data read2_before_filtering not found: sample01_S1_L001.fastp.json
[2023-03-01 09:43:12,507] multiqc.modules.fastp.fastp                        [DEBUG  ]  Read quality read2_after_filtering not found: sample01_S1_L001.fastp.json
[2023-03-01 09:43:12,507] multiqc.modules.fastp.fastp                        [DEBUG  ]  Content curve data read2_after_filtering not found: sample01_S1_L001.fastp.json
[2023-03-01 09:43:12,509] multiqc.modules.fastp.fastp                        [DEBUG  ]  fastp JSON did not have a 'adapter_cutting' key, skipping: 'sample91_S91_L001.fastp.json'
[2023-03-01 09:43:12,509] multiqc.modules.fastp.fastp                        [DEBUG  ]  Could not calculate 'pct_adapter' (KeyError): sample91_S91_L001.fastp.json
[2023-03-01 09:43:12,509] multiqc.modules.fastp.fastp                        [DEBUG  ]  No duplication rate plot data: sample91_S91_L001.fastp.json
[2023-03-01 09:43:12,509] multiqc.modules.fastp.fastp                        [DEBUG  ]  No insert size plot data: sample91_S91_L001.fastp.json
[2023-03-01 09:43:12,509] multiqc.modules.fastp.fastp                        [DEBUG  ]  Read quality read2_before_filtering not found: sample91_S91_L001.fastp.json
[2023-03-01 09:43:12,509] multiqc.modules.fastp.fastp                        [DEBUG  ]  Content curve data read2_before_filtering not found: sample91_S91_L001.fastp.json
[2023-03-01 09:43:12,509] multiqc.modules.fastp.fastp                        [DEBUG  ]  Read quality read2_after_filtering not found: sample91_S91_L001.fastp.json
[2023-03-01 09:43:12,509] multiqc.modules.fastp.fastp                        [DEBUG  ]  Content curve data read2_after_filtering not found: sample91_S91_L001.fastp.json
[2023-03-01 09:43:12,511] multiqc.modules.fastp.fastp                        [DEBUG  ]  fastp JSON did not have a 'adapter_cutting' key, skipping: 'sample92_S92_L001.fastp.json'
[2023-03-01 09:43:12,511] multiqc.modules.fastp.fastp                        [DEBUG  ]  Could not calculate 'pct_adapter' (KeyError): sample92_S92_L001.fastp.json
[2023-03-01 09:43:12,511] multiqc.modules.fastp.fastp                        [DEBUG  ]  No duplication rate plot data: sample92_S92_L001.fastp.json
[2023-03-01 09:43:12,511] multiqc.modules.fastp.fastp                        [DEBUG  ]  No insert size plot data: sample92_S92_L001.fastp.json
[2023-03-01 09:43:12,512] multiqc.modules.fastp.fastp                        [DEBUG  ]  Read quality read2_before_filtering not found: sample92_S92_L001.fastp.json
[2023-03-01 09:43:12,512] multiqc.modules.fastp.fastp                        [DEBUG  ]  Content curve data read2_before_filtering not found: sample92_S92_L001.fastp.json
[2023-03-01 09:43:12,512] multiqc.modules.fastp.fastp                        [DEBUG  ]  Read quality read2_after_filtering not found: sample92_S92_L001.fastp.json
[2023-03-01 09:43:12,512] multiqc.modules.fastp.fastp                        [DEBUG  ]  Content curve data read2_after_filtering not found: sample92_S92_L001.fastp.json
[2023-03-01 09:43:12,514] multiqc.modules.fastp.fastp                        [DEBUG  ]  fastp JSON did not have a 'adapter_cutting' key, skipping: 'sample02_S2_L001.fastp.json'
[2023-03-01 09:43:12,514] multiqc.modules.fastp.fastp                        [DEBUG  ]  Could not calculate 'pct_adapter' (KeyError): sample02_S2_L001.fastp.json
[2023-03-01 09:43:12,514] multiqc.modules.fastp.fastp                        [DEBUG  ]  No duplication rate plot data: sample02_S2_L001.fastp.json
[2023-03-01 09:43:12,514] multiqc.modules.fastp.fastp                        [DEBUG  ]  No insert size plot data: sample02_S2_L001.fastp.json
[2023-03-01 09:43:12,514] multiqc.modules.fastp.fastp                        [DEBUG  ]  Read quality read2_before_filtering not found: sample02_S2_L001.fastp.json
[2023-03-01 09:43:12,514] multiqc.modules.fastp.fastp                        [DEBUG  ]  Content curve data read2_before_filtering not found: sample02_S2_L001.fastp.json
[2023-03-01 09:43:12,514] multiqc.modules.fastp.fastp                        [DEBUG  ]  Read quality read2_after_filtering not found: sample02_S2_L001.fastp.json
[2023-03-01 09:43:12,514] multiqc.modules.fastp.fastp                        [DEBUG  ]  Content curve data read2_after_filtering not found: sample02_S2_L001.fastp.json
[2023-03-01 09:43:12,515] multiqc.modules.fastp.fastp                        [DEBUG  ]  fastp JSON did not have a 'adapter_cutting' key, skipping: 'sample93_S93_L001.fastp.json'
[2023-03-01 09:43:12,516] multiqc.modules.fastp.fastp                        [DEBUG  ]  Could not calculate 'pct_adapter' (KeyError): sample93_S93_L001.fastp.json
[2023-03-01 09:43:12,516] multiqc.modules.fastp.fastp                        [DEBUG  ]  No duplication rate plot data: sample93_S93_L001.fastp.json
[2023-03-01 09:43:12,516] multiqc.modules.fastp.fastp                        [DEBUG  ]  No insert size plot data: sample93_S93_L001.fastp.json
[2023-03-01 09:43:12,516] multiqc.modules.fastp.fastp                        [DEBUG  ]  Read quality read2_before_filtering not found: sample93_S93_L001.fastp.json
[2023-03-01 09:43:12,516] multiqc.modules.fastp.fastp                        [DEBUG  ]  Content curve data read2_before_filtering not found: sample93_S93_L001.fastp.json
[2023-03-01 09:43:12,516] multiqc.modules.fastp.fastp                        [DEBUG  ]  Read quality read2_after_filtering not found: sample93_S93_L001.fastp.json
[2023-03-01 09:43:12,516] multiqc.modules.fastp.fastp                        [DEBUG  ]  Content curve data read2_after_filtering not found: sample93_S93_L001.fastp.json
[2023-03-01 09:43:12,516] multiqc.modules.fastp.fastp                        [INFO   ]  Found 6 reports
[2023-03-01 09:43:12,550] multiqc                                            [INFO   ]  Compressing plot data
[2023-03-01 09:43:12,766] multiqc                                            [INFO   ]  Report      : reports/mammals-12_multiqc_report.html
[2023-03-01 09:43:12,767] multiqc                                            [INFO   ]  Data        : reports/mammals-12_multiqc_report_data
[2023-03-01 09:43:12,767] multiqc                                            [DEBUG  ]  Moving data file from '/tmp/tmpdd_pemet/multiqc_data' to 'reports/mammals-12_multiqc_report_data'
[2023-03-01 09:43:12,935] multiqc                                            [INFO   ]  MultiQC complete
