[2023-04-10 11:34:36,870] multiqc                                            [DEBUG  ]  This is MultiQC v1.14
[2023-04-10 11:34:36,870] multiqc                                            [DEBUG  ]  Command used: /home/adimascf/miniconda3/envs/quality_control/bin/multiqc --outdir reports/ --title otter-12 otter-12s/processed/json
[2023-04-10 11:34:37,907] multiqc                                            [DEBUG  ]  Latest MultiQC version is v1.14
[2023-04-10 11:34:37,907] multiqc                                            [DEBUG  ]  Working dir : /home/adimascf/pandu/mammals-12s
[2023-04-10 11:34:37,907] multiqc                                            [DEBUG  ]  Template    : default
[2023-04-10 11:34:37,907] multiqc                                            [DEBUG  ]  Running Python 3.10.6 | packaged by conda-forge | (main, Aug 22 2022, 20:36:39) [GCC 10.4.0]
[2023-04-10 11:34:37,907] multiqc                                            [INFO   ]  Report title: otter-12
[2023-04-10 11:34:37,909] multiqc                                            [DEBUG  ]  Analysing modules: custom_content, ccs, ngsderive, purple, conpair, lima, peddy, somalier, methylQA, mosdepth, phantompeakqualtools, qualimap, preseq, hifiasm, quast, qorts, rna_seqc, rockhopper, rsem, rseqc, busco, bustools, goleft_indexcov, gffcompare, disambiguate, supernova, deeptools, sargasso, verifybamid, mirtrace, happy, mirtop, sambamba, gopeaks, homer, hops, macs2, theta2, snpeff, gatk, htseq, bcftools, featureCounts, fgbio, dragen, dragen_fastqc, dedup, pbmarkdup, damageprofiler, biobambam2, jcvi, mtnucratio, picard, vep, sentieon, prokka, qc3C, nanostat, samblaster, samtools, sexdeterrmine, eigenstratdatabasetools, bamtools, jellyfish, vcftools, longranger, stacks, varscan2, snippy, umitools, bbmap, bismark, biscuit, diamond, hicexplorer, hicup, hicpro, salmon, kallisto, slamdunk, star, hisat2, tophat, bowtie2, bowtie1, cellranger, snpsplit, odgi, pangolin, nextclade, humid, kat, leehom, adapterRemoval, bbduk, clipandmerge, cutadapt, flexbar, kaiju, kraken, malt, motus, trimmomatic, sickle, skewer, sortmerna, biobloomtools, fastq_screen, afterqc, fastp, fastqc, filtlong, prinseqplusplus, pychopper, porechop, pycoqc, minionqc, anglerfish, multivcfanalyzer, clusterflow, checkqc, bcl2fastq, bclconvert, interop, ivar, flash, seqyclean, optitype, whatshap
[2023-04-10 11:34:37,913] multiqc                                            [DEBUG  ]  Using temporary directory for creating report: /tmp/tmpew09hawg
[2023-04-10 11:34:38,139] multiqc                                            [INFO   ]  Search path : /home/adimascf/pandu/mammals-12s/otter-12s/processed/json
[2023-04-10 11:34:38,174] multiqc                                            [DEBUG  ]  Summary of files that were skipped by the search: []
[2023-04-10 11:34:38,931] multiqc.plots.bargraph                             [DEBUG  ]  Using matplotlib version 3.5.2
[2023-04-10 11:34:38,938] multiqc.plots.linegraph                            [DEBUG  ]  Using matplotlib version 3.5.2
[2023-04-10 11:34:38,939] multiqc                                            [DEBUG  ]  No samples found: custom_content
[2023-04-10 11:34:38,946] multiqc.modules.fastp.fastp                        [DEBUG  ]  No duplication rate plot data: SRR10122429.fastp.json
[2023-04-10 11:34:38,951] multiqc.modules.fastp.fastp                        [DEBUG  ]  No duplication rate plot data: SRR10122424.fastp.json
[2023-04-10 11:34:38,956] multiqc.modules.fastp.fastp                        [DEBUG  ]  No duplication rate plot data: SRR10122428.fastp.json
[2023-04-10 11:34:38,962] multiqc.modules.fastp.fastp                        [DEBUG  ]  No duplication rate plot data: SRR10122426.fastp.json
[2023-04-10 11:34:38,967] multiqc.modules.fastp.fastp                        [DEBUG  ]  No duplication rate plot data: SRR10122427.fastp.json
[2023-04-10 11:34:38,975] multiqc.modules.fastp.fastp                        [DEBUG  ]  No duplication rate plot data: SRR10122425.fastp.json
[2023-04-10 11:34:38,976] multiqc.modules.fastp.fastp                        [INFO   ]  Found 6 reports
[2023-04-10 11:34:39,109] multiqc                                            [INFO   ]  Compressing plot data
[2023-04-10 11:34:39,802] multiqc                                            [INFO   ]  Report      : reports/otter-12_multiqc_report.html
[2023-04-10 11:34:39,803] multiqc                                            [INFO   ]  Data        : reports/otter-12_multiqc_report_data
[2023-04-10 11:34:39,803] multiqc                                            [DEBUG  ]  Moving data file from '/tmp/tmpew09hawg/multiqc_data' to 'reports/otter-12_multiqc_report_data'
[2023-04-10 11:34:39,977] multiqc                                            [INFO   ]  MultiQC complete
